This is pdfTeX, Version 3.14159265-2.6-1.40.20 (TeX Live 2019) (preloaded format=pdflatex 2020.1.17)  3 FEB 2020 16:03
entering extended mode
 restricted \write18 enabled.
 %&-line parsing enabled.
**nonac_cv.tex
(./nonac_cv.tex
LaTeX2e <2018-12-01>
(/Users/reka/Library/TinyTeX/texmf-dist/tex/latex/base/article.cls
Document Class: article 2018/09/03 v1.4i Standard LaTeX document class
(/Users/reka/Library/TinyTeX/texmf-dist/tex/latex/base/size10.clo
File: size10.clo 2018/09/03 v1.4i Standard LaTeX file (size option)
)
\c@part=\count80
\c@section=\count81
\c@subsection=\count82
\c@subsubsection=\count83
\c@paragraph=\count84
\c@subparagraph=\count85
\c@figure=\count86
\c@table=\count87
\abovecaptionskip=\skip41
\belowcaptionskip=\skip42
\bibindent=\dimen102
) (/Users/reka/Library/TinyTeX/texmf-dist/tex/latex/dejavu/DejaVuSansMono.sty
Package: DejaVuSansMono 2011/06/01 Style file for DejaVuSansMono.
(/Users/reka/Library/TinyTeX/texmf-dist/tex/latex/graphics/keyval.sty
Package: keyval 2014/10/28 v1.15 key=value parser (DPC)
\KV@toks@=\toks14
)) (/Users/reka/Library/TinyTeX/texmf-dist/tex/latex/carlito/carlito.sty
Package: carlito 2014/08/20 (Bob Tennent) Supports Carlito fonts for LaTeX, pdf
LaTeX, luaLaTeX and xeLaTeX.
(/Users/reka/Library/TinyTeX/texmf-dist/tex/generic/ifxetex/ifxetex.sty
Package: ifxetex 2010/09/12 v0.6 Provides ifxetex conditional
) (/Users/reka/Library/TinyTeX/texmf-dist/tex/generic/oberdiek/ifluatex.sty
Package: ifluatex 2016/05/16 v1.4 Provides the ifluatex switch (HO)
Package ifluatex Info: LuaTeX not detected.
) (/Users/reka/Library/TinyTeX/texmf-dist/tex/latex/xkeyval/xkeyval.sty
Package: xkeyval 2014/12/03 v2.7a package option processing (HA)
(/Users/reka/Library/TinyTeX/texmf-dist/tex/generic/xkeyval/xkeyval.tex (/Users
/reka/Library/TinyTeX/texmf-dist/tex/generic/xkeyval/xkvutils.tex
\XKV@toks=\toks15
\XKV@tempa@toks=\toks16
)
\XKV@depth=\count88
File: xkeyval.tex 2014/12/03 v2.7a key=value parser (HA)
)) (/Users/reka/Library/TinyTeX/texmf-dist/tex/latex/base/textcomp.sty
Package: textcomp 2018/08/11 v2.0j Standard LaTeX package
Package textcomp Info: Sub-encoding information:
(textcomp)               5 = only ISO-Adobe without \textcurrency
(textcomp)               4 = 5 + \texteuro
(textcomp)               3 = 4 + \textohm
(textcomp)               2 = 3 + \textestimated + \textcurrency
(textcomp)               1 = TS1 - \textcircled - \t
(textcomp)               0 = TS1 (full)
(textcomp)             Font families with sub-encoding setting implement
(textcomp)             only a restricted character set as indicated.
(textcomp)             Family '?' is the default used for unknown fonts.
(textcomp)             See the documentation for details.
Package textcomp Info: Setting ? sub-encoding to TS1/1 on input line 79.
(/Users/reka/Library/TinyTeX/texmf-dist/tex/latex/base/ts1enc.def
File: ts1enc.def 2001/06/05 v3.0e (jk/car/fm) Standard LaTeX file
Now handling font encoding TS1 ...
... processing UTF-8 mapping file for font encoding TS1
(/Users/reka/Library/TinyTeX/texmf-dist/tex/latex/base/ts1enc.dfu
File: ts1enc.dfu 2018/10/05 v1.2f UTF-8 support for inputenc
   defining Unicode char U+00A2 (decimal 162)
   defining Unicode char U+00A3 (decimal 163)
   defining Unicode char U+00A4 (decimal 164)
   defining Unicode char U+00A5 (decimal 165)
   defining Unicode char U+00A6 (decimal 166)
   defining Unicode char U+00A7 (decimal 167)
   defining Unicode char U+00A8 (decimal 168)
   defining Unicode char U+00A9 (decimal 169)
   defining Unicode char U+00AA (decimal 170)
   defining Unicode char U+00AC (decimal 172)
   defining Unicode char U+00AE (decimal 174)
   defining Unicode char U+00AF (decimal 175)
   defining Unicode char U+00B0 (decimal 176)
   defining Unicode char U+00B1 (decimal 177)
   defining Unicode char U+00B2 (decimal 178)
   defining Unicode char U+00B3 (decimal 179)
   defining Unicode char U+00B4 (decimal 180)
   defining Unicode char U+00B5 (decimal 181)
   defining Unicode char U+00B6 (decimal 182)
   defining Unicode char U+00B7 (decimal 183)
   defining Unicode char U+00B9 (decimal 185)
   defining Unicode char U+00BA (decimal 186)
   defining Unicode char U+00BC (decimal 188)
   defining Unicode char U+00BD (decimal 189)
   defining Unicode char U+00BE (decimal 190)
   defining Unicode char U+00D7 (decimal 215)
   defining Unicode char U+00F7 (decimal 247)
   defining Unicode char U+0192 (decimal 402)
   defining Unicode char U+02C7 (decimal 711)
   defining Unicode char U+02D8 (decimal 728)
   defining Unicode char U+02DD (decimal 733)
   defining Unicode char U+0E3F (decimal 3647)
   defining Unicode char U+2016 (decimal 8214)
   defining Unicode char U+2020 (decimal 8224)
   defining Unicode char U+2021 (decimal 8225)
   defining Unicode char U+2022 (decimal 8226)
   defining Unicode char U+2030 (decimal 8240)
   defining Unicode char U+2031 (decimal 8241)
   defining Unicode char U+203B (decimal 8251)
   defining Unicode char U+203D (decimal 8253)
   defining Unicode char U+2044 (decimal 8260)
   defining Unicode char U+204E (decimal 8270)
   defining Unicode char U+2052 (decimal 8274)
   defining Unicode char U+20A1 (decimal 8353)
   defining Unicode char U+20A4 (decimal 8356)
   defining Unicode char U+20A6 (decimal 8358)
   defining Unicode char U+20A9 (decimal 8361)
   defining Unicode char U+20AB (decimal 8363)
   defining Unicode char U+20AC (decimal 8364)
   defining Unicode char U+20B1 (decimal 8369)
   defining Unicode char U+2103 (decimal 8451)
   defining Unicode char U+2116 (decimal 8470)
   defining Unicode char U+2117 (decimal 8471)
   defining Unicode char U+211E (decimal 8478)
   defining Unicode char U+2120 (decimal 8480)
   defining Unicode char U+2122 (decimal 8482)
   defining Unicode char U+2126 (decimal 8486)
   defining Unicode char U+2127 (decimal 8487)
   defining Unicode char U+212E (decimal 8494)
   defining Unicode char U+2190 (decimal 8592)
   defining Unicode char U+2191 (decimal 8593)
   defining Unicode char U+2192 (decimal 8594)
   defining Unicode char U+2193 (decimal 8595)
   defining Unicode char U+2329 (decimal 9001)
   defining Unicode char U+232A (decimal 9002)
   defining Unicode char U+2422 (decimal 9250)
   defining Unicode char U+25E6 (decimal 9702)
   defining Unicode char U+25EF (decimal 9711)
   defining Unicode char U+266A (decimal 9834)
   defining Unicode char U+FEFF (decimal 65279)
))
LaTeX Info: Redefining \oldstylenums on input line 334.
Package textcomp Info: Setting cmr sub-encoding to TS1/0 on input line 349.
Package textcomp Info: Setting cmss sub-encoding to TS1/0 on input line 350.
Package textcomp Info: Setting cmtt sub-encoding to TS1/0 on input line 351.
Package textcomp Info: Setting cmvtt sub-encoding to TS1/0 on input line 352.
Package textcomp Info: Setting cmbr sub-encoding to TS1/0 on input line 353.
Package textcomp Info: Setting cmtl sub-encoding to TS1/0 on input line 354.
Package textcomp Info: Setting ccr sub-encoding to TS1/0 on input line 355.
Package textcomp Info: Setting ptm sub-encoding to TS1/4 on input line 356.
Package textcomp Info: Setting pcr sub-encoding to TS1/4 on input line 357.
Package textcomp Info: Setting phv sub-encoding to TS1/4 on input line 358.
Package textcomp Info: Setting ppl sub-encoding to TS1/3 on input line 359.
Package textcomp Info: Setting pag sub-encoding to TS1/4 on input line 360.
Package textcomp Info: Setting pbk sub-encoding to TS1/4 on input line 361.
Package textcomp Info: Setting pnc sub-encoding to TS1/4 on input line 362.
Package textcomp Info: Setting pzc sub-encoding to TS1/4 on input line 363.
Package textcomp Info: Setting bch sub-encoding to TS1/4 on input line 364.
Package textcomp Info: Setting put sub-encoding to TS1/5 on input line 365.
Package textcomp Info: Setting uag sub-encoding to TS1/5 on input line 366.
Package textcomp Info: Setting ugq sub-encoding to TS1/5 on input line 367.
Package textcomp Info: Setting ul8 sub-encoding to TS1/4 on input line 368.
Package textcomp Info: Setting ul9 sub-encoding to TS1/4 on input line 369.
Package textcomp Info: Setting augie sub-encoding to TS1/5 on input line 370.
Package textcomp Info: Setting dayrom sub-encoding to TS1/3 on input line 371.
Package textcomp Info: Setting dayroms sub-encoding to TS1/3 on input line 372.

Package textcomp Info: Setting pxr sub-encoding to TS1/0 on input line 373.
Package textcomp Info: Setting pxss sub-encoding to TS1/0 on input line 374.
Package textcomp Info: Setting pxtt sub-encoding to TS1/0 on input line 375.
Package textcomp Info: Setting txr sub-encoding to TS1/0 on input line 376.
Package textcomp Info: Setting txss sub-encoding to TS1/0 on input line 377.
Package textcomp Info: Setting txtt sub-encoding to TS1/0 on input line 378.
Package textcomp Info: Setting lmr sub-encoding to TS1/0 on input line 379.
Package textcomp Info: Setting lmdh sub-encoding to TS1/0 on input line 380.
Package textcomp Info: Setting lmss sub-encoding to TS1/0 on input line 381.
Package textcomp Info: Setting lmssq sub-encoding to TS1/0 on input line 382.
Package textcomp Info: Setting lmvtt sub-encoding to TS1/0 on input line 383.
Package textcomp Info: Setting lmtt sub-encoding to TS1/0 on input line 384.
Package textcomp Info: Setting qhv sub-encoding to TS1/0 on input line 385.
Package textcomp Info: Setting qag sub-encoding to TS1/0 on input line 386.
Package textcomp Info: Setting qbk sub-encoding to TS1/0 on input line 387.
Package textcomp Info: Setting qcr sub-encoding to TS1/0 on input line 388.
Package textcomp Info: Setting qcs sub-encoding to TS1/0 on input line 389.
Package textcomp Info: Setting qpl sub-encoding to TS1/0 on input line 390.
Package textcomp Info: Setting qtm sub-encoding to TS1/0 on input line 391.
Package textcomp Info: Setting qzc sub-encoding to TS1/0 on input line 392.
Package textcomp Info: Setting qhvc sub-encoding to TS1/0 on input line 393.
Package textcomp Info: Setting futs sub-encoding to TS1/4 on input line 394.
Package textcomp Info: Setting futx sub-encoding to TS1/4 on input line 395.
Package textcomp Info: Setting futj sub-encoding to TS1/4 on input line 396.
Package textcomp Info: Setting hlh sub-encoding to TS1/3 on input line 397.
Package textcomp Info: Setting hls sub-encoding to TS1/3 on input line 398.
Package textcomp Info: Setting hlst sub-encoding to TS1/3 on input line 399.
Package textcomp Info: Setting hlct sub-encoding to TS1/5 on input line 400.
Package textcomp Info: Setting hlx sub-encoding to TS1/5 on input line 401.
Package textcomp Info: Setting hlce sub-encoding to TS1/5 on input line 402.
Package textcomp Info: Setting hlcn sub-encoding to TS1/5 on input line 403.
Package textcomp Info: Setting hlcw sub-encoding to TS1/5 on input line 404.
Package textcomp Info: Setting hlcf sub-encoding to TS1/5 on input line 405.
Package textcomp Info: Setting pplx sub-encoding to TS1/3 on input line 406.
Package textcomp Info: Setting pplj sub-encoding to TS1/3 on input line 407.
Package textcomp Info: Setting ptmx sub-encoding to TS1/4 on input line 408.
Package textcomp Info: Setting ptmj sub-encoding to TS1/4 on input line 409.
) (/Users/reka/Library/TinyTeX/texmf-dist/tex/latex/base/fontenc.sty
Package: fontenc 2018/08/11 v2.0j Standard LaTeX package
) (/Users/reka/Library/TinyTeX/texmf-dist/tex/latex/fontaxes/fontaxes.sty
Package: fontaxes 2014/03/23 v1.0d Font selection axes
LaTeX Info: Redefining \upshape on input line 29.
LaTeX Info: Redefining \itshape on input line 31.
LaTeX Info: Redefining \slshape on input line 33.
LaTeX Info: Redefining \scshape on input line 37.
)) (/Users/reka/Library/TinyTeX/texmf-dist/tex/latex/graphics/color.sty
Package: color 2016/07/10 v1.1e Standard LaTeX Color (DPC)
(/Users/reka/Library/TinyTeX/texmf-dist/tex/latex/graphics-cfg/color.cfg
File: color.cfg 2016/01/02 v1.6 sample color configuration
)
Package color Info: Driver file: pdftex.def on input line 147.
(/Users/reka/Library/TinyTeX/texmf-dist/tex/latex/graphics-def/pdftex.def
File: pdftex.def 2018/01/08 v1.0l Graphics/color driver for pdftex
)) (/Users/reka/Library/TinyTeX/texmf-dist/tex/latex/xcolor/xcolor.sty
Package: xcolor 2016/05/11 v2.12 LaTeX color extensions (UK)
(/Users/reka/Library/TinyTeX/texmf-dist/tex/latex/graphics-cfg/color.cfg
File: color.cfg 2016/01/02 v1.6 sample color configuration
)
Package xcolor Info: Driver file: pdftex.def on input line 225.
LaTeX Info: Redefining \color on input line 709.
Package xcolor Info: Model `cmy' substituted by `cmy0' on input line 1348.
Package xcolor Info: Model `hsb' substituted by `rgb' on input line 1352.
Package xcolor Info: Model `RGB' extended on input line 1364.
Package xcolor Info: Model `HTML' substituted by `rgb' on input line 1366.
Package xcolor Info: Model `Hsb' substituted by `hsb' on input line 1367.
Package xcolor Info: Model `tHsb' substituted by `hsb' on input line 1368.
Package xcolor Info: Model `HSB' substituted by `hsb' on input line 1369.
Package xcolor Info: Model `Gray' substituted by `gray' on input line 1370.
Package xcolor Info: Model `wave' substituted by `hsb' on input line 1371.
) (/Users/reka/Library/TinyTeX/texmf-dist/tex/latex/base/fixltx2e.sty
Package: fixltx2e 2016/12/29 v2.1a fixes to LaTeX (obsolete)
Applying: [2015/01/01] Old fixltx2e package on input line 46.

Package fixltx2e Warning: fixltx2e is not required with releases after 2015
(fixltx2e)                All fixes are now in the LaTeX kernel.
(fixltx2e)                See the latexrelease package for details.

Already applied: [0000/00/00] Old fixltx2e package on input line 53.
) (/Users/reka/Library/TinyTeX/texmf-dist/tex/latex/base/fontenc.sty
Package: fontenc 2018/08/11 v2.0j Standard LaTeX package
(/Users/reka/Library/TinyTeX/texmf-dist/tex/latex/base/t1enc.def
File: t1enc.def 2018/08/11 v2.0j Standard LaTeX file
LaTeX Font Info:    Redeclaring font encoding T1 on input line 48.
)) (/Users/reka/Library/TinyTeX/texmf-dist/tex/latex/base/inputenc.sty
Package: inputenc 2018/08/11 v1.3c Input encoding file
\inpenc@prehook=\toks17
\inpenc@posthook=\toks18
) (/Users/reka/Library/TinyTeX/texmf-dist/tex/latex/base/fontenc.sty
Package: fontenc 2018/08/11 v2.0j Standard LaTeX package
(/Users/reka/Library/TinyTeX/texmf-dist/tex/latex/base/t1enc.def
File: t1enc.def 2018/08/11 v2.0j Standard LaTeX file
LaTeX Font Info:    Redeclaring font encoding T1 on input line 48.
)) (/Users/reka/Library/TinyTeX/texmf-dist/tex/latex/upquote/upquote.sty
Package: upquote 2012/04/19 v1.3 upright-quote and grave-accent glyphs in verba
tim
) (/Users/reka/Library/TinyTeX/texmf-dist/tex/latex/hyperref/hyperref.sty
Package: hyperref 2019/06/12 v6.88h Hypertext links for LaTeX

(/Users/reka/Library/TinyTeX/texmf-dist/tex/generic/oberdiek/hobsub-hyperref.st
y
Package: hobsub-hyperref 2016/05/16 v1.14 Bundle oberdiek, subset hyperref (HO)


(/Users/reka/Library/TinyTeX/texmf-dist/tex/generic/oberdiek/hobsub-generic.sty
Package: hobsub-generic 2016/05/16 v1.14 Bundle oberdiek, subset generic (HO)
Package: hobsub 2016/05/16 v1.14 Construct package bundles (HO)
Package: infwarerr 2016/05/16 v1.4 Providing info/warning/error messages (HO)
Package: ltxcmds 2016/05/16 v1.23 LaTeX kernel commands for general use (HO)
Package hobsub Info: Skipping package `ifluatex' (already loaded).
Package: ifvtex 2016/05/16 v1.6 Detect VTeX and its facilities (HO)
Package ifvtex Info: VTeX not detected.
Package: intcalc 2016/05/16 v1.2 Expandable calculations with integers (HO)
Package: ifpdf 2018/09/07 v3.3 Provides the ifpdf switch
Package: etexcmds 2016/05/16 v1.6 Avoid name clashes with e-TeX commands (HO)
Package: kvsetkeys 2016/05/16 v1.17 Key value parser (HO)
Package: kvdefinekeys 2016/05/16 v1.4 Define keys (HO)
Package: pdftexcmds 2019/07/25 v0.30 Utility functions of pdfTeX for LuaTeX (HO
)
Package pdftexcmds Info: LuaTeX not detected.
Package pdftexcmds Info: \pdf@primitive is available.
Package pdftexcmds Info: \pdf@ifprimitive is available.
Package pdftexcmds Info: \pdfdraftmode found.
Package: pdfescape 2016/05/16 v1.14 Implements pdfTeX's escape features (HO)
Package: bigintcalc 2016/05/16 v1.4 Expandable calculations on big integers (HO
)
Package: bitset 2016/05/16 v1.2 Handle bit-vector datatype (HO)
Package: uniquecounter 2016/05/16 v1.3 Provide unlimited unique counter (HO)
)
Package hobsub Info: Skipping package `hobsub' (already loaded).
Package: letltxmacro 2016/05/16 v1.5 Let assignment for LaTeX macros (HO)
Package: hopatch 2016/05/16 v1.3 Wrapper for package hooks (HO)
Package: xcolor-patch 2016/05/16 xcolor patch
Package: atveryend 2016/05/16 v1.9 Hooks at the very end of document (HO)
Package atveryend Info: \enddocument detected (standard20110627).
Package: atbegshi 2016/06/09 v1.18 At begin shipout hook (HO)
Package: refcount 2016/05/16 v3.5 Data extraction from label references (HO)
Package: hycolor 2016/05/16 v1.8 Color options for hyperref/bookmark (HO)
) (/Users/reka/Library/TinyTeX/texmf-dist/tex/latex/oberdiek/auxhook.sty
Package: auxhook 2016/05/16 v1.4 Hooks for auxiliary files (HO)
) (/Users/reka/Library/TinyTeX/texmf-dist/tex/latex/oberdiek/kvoptions.sty
Package: kvoptions 2016/05/16 v3.12 Key value format for package options (HO)
)
\@linkdim=\dimen103
\Hy@linkcounter=\count89
\Hy@pagecounter=\count90
(/Users/reka/Library/TinyTeX/texmf-dist/tex/latex/hyperref/pd1enc.def
File: pd1enc.def 2019/06/12 v6.88h Hyperref: PDFDocEncoding definition (HO)
Now handling font encoding PD1 ...
... no UTF-8 mapping file for font encoding PD1
)
\Hy@SavedSpaceFactor=\count91
(/Users/reka/Library/TinyTeX/texmf-dist/tex/latex/latexconfig/hyperref.cfg
File: hyperref.cfg 2002/06/06 v1.2 hyperref configuration of TeXLive
)
Package hyperref Info: Option `unicode' set `true' on input line 4424.
(/Users/reka/Library/TinyTeX/texmf-dist/tex/latex/hyperref/puenc.def
File: puenc.def 2019/06/12 v6.88h Hyperref: PDF Unicode definition (HO)
Now handling font encoding PU ...
... no UTF-8 mapping file for font encoding PU
)
Package hyperref Info: Hyper figures OFF on input line 4550.
Package hyperref Info: Link nesting OFF on input line 4555.
Package hyperref Info: Hyper index ON on input line 4558.
Package hyperref Info: Plain pages OFF on input line 4565.
Package hyperref Info: Backreferencing OFF on input line 4570.
Package hyperref Info: Implicit mode ON; LaTeX internals redefined.
Package hyperref Info: Bookmarks ON on input line 4803.
\c@Hy@tempcnt=\count92
(/Users/reka/Library/TinyTeX/texmf-dist/tex/latex/url/url.sty
\Urlmuskip=\muskip10
Package: url 2013/09/16  ver 3.4  Verb mode for urls, etc.
)
LaTeX Info: Redefining \url on input line 5156.
\XeTeXLinkMargin=\dimen104
\Fld@menulength=\count93
\Field@Width=\dimen105
\Fld@charsize=\dimen106
Package hyperref Info: Hyper figures OFF on input line 6411.
Package hyperref Info: Link nesting OFF on input line 6416.
Package hyperref Info: Hyper index ON on input line 6419.
Package hyperref Info: backreferencing OFF on input line 6426.
Package hyperref Info: Link coloring OFF on input line 6431.
Package hyperref Info: Link coloring with OCG OFF on input line 6436.
Package hyperref Info: PDF/A mode OFF on input line 6441.
LaTeX Info: Redefining \ref on input line 6481.
LaTeX Info: Redefining \pageref on input line 6485.
\Hy@abspage=\count94
\c@Item=\count95
\c@Hfootnote=\count96
)
Package hyperref Info: Driver (autodetected): hpdftex.
(/Users/reka/Library/TinyTeX/texmf-dist/tex/latex/hyperref/hpdftex.def
File: hpdftex.def 2019/06/12 v6.88h Hyperref driver for pdfTeX
\Fld@listcount=\count97
\c@bookmark@seq@number=\count98
(/Users/reka/Library/TinyTeX/texmf-dist/tex/latex/oberdiek/rerunfilecheck.sty
Package: rerunfilecheck 2016/05/16 v1.8 Rerun checks for auxiliary files (HO)
Package uniquecounter Info: New unique counter `rerunfilecheck' on input line 2
82.
)
\Hy@SectionHShift=\skip43
) (/Users/reka/Library/TinyTeX/texmf-dist/tex/latex/geometry/geometry.sty
Package: geometry 2018/04/16 v5.8 Page Geometry
\Gm@cnth=\count99
\Gm@cntv=\count100
\c@Gm@tempcnt=\count101
\Gm@bindingoffset=\dimen107
\Gm@wd@mp=\dimen108
\Gm@odd@mp=\dimen109
\Gm@even@mp=\dimen110
\Gm@layoutwidth=\dimen111
\Gm@layoutheight=\dimen112
\Gm@layouthoffset=\dimen113
\Gm@layoutvoffset=\dimen114
\Gm@dimlist=\toks19
) (/Users/reka/Library/TinyTeX/texmf-dist/tex/latex/tools/longtable.sty
Package: longtable 2014/10/28 v4.11 Multi-page Table package (DPC)+ FMi change
\LTleft=\skip44
\LTright=\skip45
\LTpre=\skip46
\LTpost=\skip47
\LTchunksize=\count102
\LTcapwidth=\dimen115
\LT@head=\box27
\LT@firsthead=\box28
\LT@foot=\box29
\LT@lastfoot=\box30
\LT@cols=\count103
\LT@rows=\count104
\c@LT@tables=\count105
\c@LT@chunks=\count106
\LT@p@ftn=\toks20
) (/Users/reka/Library/TinyTeX/texmf-dist/tex/latex/booktabs/booktabs.sty
Package: booktabs 2016/04/27 v1.618033 publication quality tables
\heavyrulewidth=\dimen116
\lightrulewidth=\dimen117
\cmidrulewidth=\dimen118
\belowrulesep=\dimen119
\belowbottomsep=\dimen120
\aboverulesep=\dimen121
\abovetopsep=\dimen122
\cmidrulesep=\dimen123
\cmidrulekern=\dimen124
\defaultaddspace=\dimen125
\@cmidla=\count107
\@cmidlb=\count108
\@aboverulesep=\dimen126
\@belowrulesep=\dimen127
\@thisruleclass=\count109
\@lastruleclass=\count110
\@thisrulewidth=\dimen128
) (/Users/reka/Library/TinyTeX/texmf-dist/tex/latex/biblatex/biblatex.sty
Package: biblatex 2019/08/31 v3.13a programmable bibliographies (PK/MW)
(/Users/reka/Library/TinyTeX/texmf-dist/tex/latex/etoolbox/etoolbox.sty
Package: etoolbox 2018/08/19 v2.5f e-TeX tools for LaTeX (JAW)
\etb@tempcnta=\count111
) (/Users/reka/Library/TinyTeX/texmf-dist/tex/latex/logreq/logreq.sty
Package: logreq 2010/08/04 v1.0 xml request logger
\lrq@indent=\count112
(/Users/reka/Library/TinyTeX/texmf-dist/tex/latex/logreq/logreq.def
File: logreq.def 2010/08/04 v1.0 logreq spec v1.0
)) (/Users/reka/Library/TinyTeX/texmf-dist/tex/latex/base/ifthen.sty
Package: ifthen 2014/09/29 v1.1c Standard LaTeX ifthen package (DPC)
)
\c@tabx@nest=\count113
\c@listtotal=\count114
\c@listcount=\count115
\c@liststart=\count116
\c@liststop=\count117
\c@citecount=\count118
\c@citetotal=\count119
\c@multicitecount=\count120
\c@multicitetotal=\count121
\c@instcount=\count122
\c@maxnames=\count123
\c@minnames=\count124
\c@maxitems=\count125
\c@minitems=\count126
\c@citecounter=\count127
\c@maxcitecounter=\count128
\c@savedcitecounter=\count129
\c@uniquelist=\count130
\c@uniquename=\count131
\c@refsection=\count132
\c@refsegment=\count133
\c@maxextratitle=\count134
\c@maxextratitleyear=\count135
\c@maxextraname=\count136
\c@maxextradate=\count137
\c@maxextraalpha=\count138
\c@abbrvpenalty=\count139
\c@highnamepenalty=\count140
\c@lownamepenalty=\count141
\c@maxparens=\count142
\c@parenlevel=\count143
\blx@tempcnta=\count144
\blx@tempcntb=\count145
\blx@tempcntc=\count146
\blx@maxsection=\count147
\blx@maxsegment@0=\count148
\blx@notetype=\count149
\blx@parenlevel@text=\count150
\blx@parenlevel@foot=\count151
\blx@sectionciteorder@0=\count152
\blx@entrysetcounter=\count153
\labelnumberwidth=\skip48
\labelalphawidth=\skip49
\biblabelsep=\skip50
\bibitemsep=\skip51
\bibnamesep=\skip52
\bibinitsep=\skip53
\bibparsep=\skip54
\bibhang=\skip55
\blx@bcfin=\read1
\blx@bcfout=\write3
\blx@langwohyphens=\language3
\c@mincomprange=\count154
\c@maxcomprange=\count155
\c@mincompwidth=\count156
Package biblatex Info: Trying to load biblatex default data model...
Package biblatex Info: ... file 'blx-dm.def' found.
(/Users/reka/Library/TinyTeX/texmf-dist/tex/latex/biblatex/blx-dm.def
File: blx-dm.def 2019/08/31 v3.13a biblatex localization (PK/MW)
)
Package biblatex Info: Trying to load biblatex citestyle data model...
Package biblatex Info: ... file 'authoryear.dbx' not found.
Package biblatex Info: Trying to load biblatex bibstyle data model...
Package biblatex Info: ... file 'authoryear-comp.dbx' not found.
Package biblatex Info: Trying to load biblatex custom data model...
Package biblatex Info: ... file 'biblatex-dm.cfg' not found.
\c@afterword=\count157
\c@savedafterword=\count158
\c@annotator=\count159
\c@savedannotator=\count160
\c@author=\count161
\c@savedauthor=\count162
\c@bookauthor=\count163
\c@savedbookauthor=\count164
\c@commentator=\count165
\c@savedcommentator=\count166
\c@editor=\count167
\c@savededitor=\count168
\c@editora=\count169
\c@savededitora=\count170
\c@editorb=\count171
\c@savededitorb=\count172
\c@editorc=\count173
\c@savededitorc=\count174
\c@foreword=\count175
\c@savedforeword=\count176
\c@holder=\count177
\c@savedholder=\count178
\c@introduction=\count179
\c@savedintroduction=\count180
\c@namea=\count181
\c@savednamea=\count182
\c@nameb=\count183
\c@savednameb=\count184
\c@namec=\count185
\c@savednamec=\count186
\c@translator=\count187
\c@savedtranslator=\count188
\c@shortauthor=\count189
\c@savedshortauthor=\count190
\c@shorteditor=\count191
\c@savedshorteditor=\count192
\c@labelname=\count193
\c@savedlabelname=\count194
\c@institution=\count195
\c@savedinstitution=\count196
\c@lista=\count197
\c@savedlista=\count198
\c@listb=\count199
\c@savedlistb=\count266
\c@listc=\count267
\c@savedlistc=\count268
\c@listd=\count269
\c@savedlistd=\count270
\c@liste=\count271
\c@savedliste=\count272
\c@listf=\count273
\c@savedlistf=\count274
\c@location=\count275
\c@savedlocation=\count276
\c@organization=\count277
\c@savedorganization=\count278
\c@origlocation=\count279
\c@savedoriglocation=\count280
\c@origpublisher=\count281
\c@savedorigpublisher=\count282
\c@publisher=\count283
\c@savedpublisher=\count284
\c@language=\count285
\c@savedlanguage=\count286
\c@origlanguage=\count287
\c@savedoriglanguage=\count288
\c@pageref=\count289
\c@savedpageref=\count290
\shorthandwidth=\skip56
\shortjournalwidth=\skip57
\shortserieswidth=\skip58
\shorttitlewidth=\skip59
\shortauthorwidth=\skip60
\shorteditorwidth=\skip61
\locallabelnumberwidth=\skip62
\locallabelalphawidth=\skip63
\localshorthandwidth=\skip64
\localshortjournalwidth=\skip65
\localshortserieswidth=\skip66
\localshorttitlewidth=\skip67
\localshortauthorwidth=\skip68
\localshorteditorwidth=\skip69
Package biblatex Info: Trying to load compatibility code...
Package biblatex Info: ... file 'blx-compat.def' found.
(/Users/reka/Library/TinyTeX/texmf-dist/tex/latex/biblatex/blx-compat.def
File: blx-compat.def 2019/08/31 v3.13a biblatex compatibility (PK/MW)
)
Package biblatex Info: Trying to load generic definitions...
Package biblatex Info: ... file 'biblatex.def' found.
(/Users/reka/Library/TinyTeX/texmf-dist/tex/latex/biblatex/biblatex.def
File: biblatex.def 2019/08/31 v3.13a biblatex compatibility (PK/MW)
\c@textcitecount=\count291
\c@textcitetotal=\count292
\c@textcitemaxnames=\count293
\c@biburlbigbreakpenalty=\count294
\c@biburlbreakpenalty=\count295
\c@biburlnumpenalty=\count296
\c@biburlucpenalty=\count297
\c@biburllcpenalty=\count298
\biburlbigskip=\muskip11
\biburlnumskip=\muskip12
\biburlucskip=\muskip13
\biburllcskip=\muskip14
\c@smartand=\count299
)
Package biblatex Info: Trying to load natbib compatibility...
Package biblatex Info: ... file 'blx-natbib.def' found.
(/Users/reka/Library/TinyTeX/texmf-dist/tex/latex/biblatex/blx-natbib.def
File: blx-natbib.def 2019/08/31 v3.13a biblatex compatibility (PK/MW)
Package biblatex Info: Delimiter 'nameyeardelim' in context '' already defined,
 overwriting.
)
Package biblatex Info: Trying to load bibliography style 'authoryear-comp'...
Package biblatex Info: ... file 'authoryear-comp.bbx' found.

(/Users/reka/Library/TinyTeX/texmf-dist/tex/latex/biblatex/bbx/authoryear-comp.
bbx
File: authoryear-comp.bbx 2019/08/31 v3.13a biblatex bibliography style (PK/MW)

Package biblatex Info: Trying to load bibliography style 'authoryear'...
Package biblatex Info: ... file 'authoryear.bbx' found.
(/Users/reka/Library/TinyTeX/texmf-dist/tex/latex/biblatex/bbx/authoryear.bbx
File: authoryear.bbx 2019/08/31 v3.13a biblatex bibliography style (PK/MW)
Package biblatex Info: Trying to load bibliography style 'standard'...
Package biblatex Info: ... file 'standard.bbx' found.
(/Users/reka/Library/TinyTeX/texmf-dist/tex/latex/biblatex/bbx/standard.bbx
File: standard.bbx 2019/08/31 v3.13a biblatex bibliography style (PK/MW)
\c@bbx:relatedcount=\count300
\c@bbx:relatedtotal=\count301
)))
Package biblatex Info: Trying to load citation style 'authoryear'...
Package biblatex Info: ... file 'authoryear.cbx' found.
(/Users/reka/Library/TinyTeX/texmf-dist/tex/latex/biblatex/cbx/authoryear.cbx
File: authoryear.cbx 2019/08/31 v3.13a biblatex citation style (PK/MW)
Package biblatex Info: Redefining '\cite'.
Package biblatex Info: Redefining '\parencite'.
Package biblatex Info: Redefining '\footcite'.
Package biblatex Info: Redefining '\footcitetext'.
Package biblatex Info: Redefining '\smartcite'.
Package biblatex Info: Redefining '\textcite'.
Package biblatex Info: Redefining '\textcites'.
)
Package biblatex Info: Trying to load configuration file...
Package biblatex Info: ... file 'biblatex.cfg' found.
(/Users/reka/Library/TinyTeX/texmf-dist/tex/latex/biblatex/biblatex.cfg
File: biblatex.cfg 
)) (/Users/reka/Library/TinyTeX/texmf-dist/tex/latex/xpatch/xpatch.sty (/Users/
reka/Library/TinyTeX/texmf-dist/tex/latex/l3kernel/expl3.sty
Package: expl3 2019-09-05 L3 programming layer (loader) 
(/Users/reka/Library/TinyTeX/texmf-dist/tex/latex/l3kernel/expl3-code.tex
Package: expl3 2019-09-05 L3 programming layer (code)
\c_max_int=\count302
\l_tmpa_int=\count303
\l_tmpb_int=\count304
\g_tmpa_int=\count305
\g_tmpb_int=\count306
\g__kernel_prg_map_int=\count307
\c__ior_term_noprompt_ior=\count308
\c_log_iow=\count309
\l_iow_line_count_int=\count310
\l__iow_line_target_int=\count311
\l__iow_one_indent_int=\count312
\l__iow_indent_int=\count313
\c_zero_dim=\dimen129
\c_max_dim=\dimen130
\l_tmpa_dim=\dimen131
\l_tmpb_dim=\dimen132
\g_tmpa_dim=\dimen133
\g_tmpb_dim=\dimen134
\c_zero_skip=\skip70
\c_max_skip=\skip71
\l_tmpa_skip=\skip72
\l_tmpb_skip=\skip73
\g_tmpa_skip=\skip74
\g_tmpb_skip=\skip75
\c_zero_muskip=\muskip15
\c_max_muskip=\muskip16
\l_tmpa_muskip=\muskip17
\l_tmpb_muskip=\muskip18
\g_tmpa_muskip=\muskip19
\g_tmpb_muskip=\muskip20
\l_keys_choice_int=\count314
\l__intarray_loop_int=\count315
\c__intarray_sp_dim=\dimen135
\g__intarray_font_int=\count316
\c__fp_leading_shift_int=\count317
\c__fp_middle_shift_int=\count318
\c__fp_trailing_shift_int=\count319
\c__fp_big_leading_shift_int=\count320
\c__fp_big_middle_shift_int=\count321
\c__fp_big_trailing_shift_int=\count322
\c__fp_Bigg_leading_shift_int=\count323
\c__fp_Bigg_middle_shift_int=\count324
\c__fp_Bigg_trailing_shift_int=\count325
\c__kernel_randint_max_int=\count326
\g__fp_array_int=\count327
\l__fp_array_loop_int=\count328
\l__sort_length_int=\count329
\l__sort_min_int=\count330
\l__sort_top_int=\count331
\l__sort_max_int=\count332
\l__sort_true_max_int=\count333
\l__sort_block_int=\count334
\l__sort_begin_int=\count335
\l__sort_end_int=\count336
\l__sort_A_int=\count337
\l__sort_B_int=\count338
\l__sort_C_int=\count339
\l__str_internal_int=\count340
\c__str_replacement_char_int=\count341
\l__tl_analysis_normal_int=\count342
\l__tl_analysis_index_int=\count343
\l__tl_analysis_nesting_int=\count344
\l__tl_analysis_type_int=\count345
\l__regex_internal_a_int=\count346
\l__regex_internal_b_int=\count347
\l__regex_internal_c_int=\count348
\l__regex_balance_int=\count349
\l__regex_group_level_int=\count350
\l__regex_mode_int=\count351
\c__regex_cs_in_class_mode_int=\count352
\c__regex_cs_mode_int=\count353
\l__regex_catcodes_int=\count354
\l__regex_default_catcodes_int=\count355
\c__regex_catcode_D_int=\count356
\c__regex_catcode_S_int=\count357
\c__regex_catcode_L_int=\count358
\c__regex_catcode_O_int=\count359
\c__regex_catcode_A_int=\count360
\c__regex_all_catcodes_int=\count361
\l__regex_show_lines_int=\count362
\l__regex_min_state_int=\count363
\l__regex_max_state_int=\count364
\l__regex_left_state_int=\count365
\l__regex_right_state_int=\count366
\l__regex_capturing_group_int=\count367
\l__regex_min_pos_int=\count368
\l__regex_max_pos_int=\count369
\l__regex_curr_pos_int=\count370
\l__regex_start_pos_int=\count371
\l__regex_success_pos_int=\count372
\l__regex_curr_char_int=\count373
\l__regex_curr_catcode_int=\count374
\l__regex_last_char_int=\count375
\l__regex_case_changed_char_int=\count376
\l__regex_curr_state_int=\count377
\l__regex_step_int=\count378
\l__regex_min_active_int=\count379
\l__regex_max_active_int=\count380
\l__regex_replacement_csnames_int=\count381
\l__regex_match_count_int=\count382
\l__regex_min_submatch_int=\count383
\l__regex_submatch_int=\count384
\l__regex_zeroth_submatch_int=\count385
\g__regex_trace_regex_int=\count386
\c_empty_box=\box31
\l_tmpa_box=\box32
\l_tmpb_box=\box33
\g_tmpa_box=\box34
\g_tmpb_box=\box35
\l__box_top_dim=\dimen136
\l__box_bottom_dim=\dimen137
\l__box_left_dim=\dimen138
\l__box_right_dim=\dimen139
\l__box_top_new_dim=\dimen140
\l__box_bottom_new_dim=\dimen141
\l__box_left_new_dim=\dimen142
\l__box_right_new_dim=\dimen143
\l__box_internal_box=\box36
\l__coffin_internal_box=\box37
\l__coffin_internal_dim=\dimen144
\l__coffin_offset_x_dim=\dimen145
\l__coffin_offset_y_dim=\dimen146
\l__coffin_x_dim=\dimen147
\l__coffin_y_dim=\dimen148
\l__coffin_x_prime_dim=\dimen149
\l__coffin_y_prime_dim=\dimen150
\c_empty_coffin=\box38
\l__coffin_aligned_coffin=\box39
\l__coffin_aligned_internal_coffin=\box40
\l_tmpa_coffin=\box41
\l_tmpb_coffin=\box42
\g_tmpa_coffin=\box43
\g_tmpb_coffin=\box44
\l__coffin_bounding_shift_dim=\dimen151
\l__coffin_left_corner_dim=\dimen152
\l__coffin_right_corner_dim=\dimen153
\l__coffin_bottom_corner_dim=\dimen154
\l__coffin_top_corner_dim=\dimen155
\l__coffin_scaled_total_height_dim=\dimen156
\l__coffin_scaled_width_dim=\dimen157
\c__coffin_empty_coffin=\box45
\l__coffin_display_coffin=\box46
\l__coffin_display_coord_coffin=\box47
\l__coffin_display_pole_coffin=\box48
\l__coffin_display_offset_dim=\dimen158
\l__coffin_display_x_dim=\dimen159
\l__coffin_display_y_dim=\dimen160
\g__char_data_ior=\read2
\l__seq_internal_a_int=\count387
\l__seq_internal_b_int=\count388
)
(/Users/reka/Library/TinyTeX/texmf-dist/tex/latex/l3backend/l3backend-pdfmode.d
ef
File: l3backend-pdfmode.def 2019-04-06 v L3 backend support: PDF mode
\l__kernel_color_stack_int=\count389
\l__pdf_internal_box=\box49
))
Package: xpatch 2012/10/02 v0.3 Extending etoolbox patching commands
(/Users/reka/Library/TinyTeX/texmf-dist/tex/latex/l3packages/xparse/xparse.sty
Package: xparse 2019-05-28 L3 Experimental document command parser
\l__xparse_current_arg_int=\count390
\g__xparse_grabber_int=\count391
\l__xparse_m_args_int=\count392
\l__xparse_v_nesting_int=\count393
))
\c@papers=\count394

Package biblatex Warning: '\DeclareSortingScheme' is deprecated.
(biblatex)                Please use '\DeclareSortingTemplate'.

(/Users/reka/Library/TinyTeX/texmf-dist/tex/latex/paralist/paralist.sty
Package: paralist 2017/01/22 v2.7 Extended list environments
\pltopsep=\skip76
\plpartopsep=\skip77
\plitemsep=\skip78
\plparsep=\skip79
\pl@lab=\toks21
) (/Users/reka/Library/TinyTeX/texmf-dist/tex/latex/ragged2e/ragged2e.sty
Package: ragged2e 2019/07/28 v2.2 ragged2e Package (MS)
(/Users/reka/Library/TinyTeX/texmf-dist/tex/latex/ms/everysel.sty
Package: everysel 2011/10/28 v1.2 EverySelectfont Package (MS)
)
\CenteringLeftskip=\skip80
\RaggedLeftLeftskip=\skip81
\RaggedRightLeftskip=\skip82
\CenteringRightskip=\skip83
\RaggedLeftRightskip=\skip84
\RaggedRightRightskip=\skip85
\CenteringParfillskip=\skip86
\RaggedLeftParfillskip=\skip87
\RaggedRightParfillskip=\skip88
\JustifyingParfillskip=\skip89
\CenteringParindent=\skip90
\RaggedLeftParindent=\skip91
\RaggedRightParindent=\skip92
\JustifyingParindent=\skip93
) (/Users/reka/Library/TinyTeX/texmf-dist/tex/latex/datetime/datetime.sty
Package: datetime 2015/03/20 v2.60 Date Time Package
(/Users/reka/Library/TinyTeX/texmf-dist/tex/latex/fmtcount/fmtcount.sty
Package: fmtcount 2017/12/24 v3.05
(/Users/reka/Library/TinyTeX/texmf-dist/tex/latex/fmtcount/fcprefix.sty
Package: fcprefix 2012/09/28
(/Users/reka/Library/TinyTeX/texmf-dist/tex/latex/fmtcount/fcnumparser.sty
Package: fcnumparser 2017/06/15
\fc@digit@counter=\count395
)) (/Users/reka/Library/TinyTeX/texmf-dist/tex/latex/amsmath/amsgen.sty
File: amsgen.sty 1999/11/30 v2.0 generic functions
\@emptytoks=\toks22
\ex@=\dimen161
)
\c@padzeroesN=\count396
\fc@tmpcatcode=\count397
\@DT@modctr=\count398
\@ordinalctr=\count399
\@orgargctr=\count400
\@strctr=\count401
\@tmpstrctr=\count402
\@DT@loopN=\count403
\@DT@X=\count404
)
(/Users/reka/Library/TinyTeX/texmf-dist/tex/latex/datetime/datetime-defaults.st
y
Package: datetime-defaults 2013/09/10
)
\@day=\count405
\@month=\count406
\@year=\count407
\c@HOUR=\count408
\c@HOURXII=\count409
\c@MINUTE=\count410
\c@TOHOUR=\count411
\c@TOMINUTE=\count412
\c@SECOND=\count413
\currenthour=\count414
\currentminute=\count415
\currentsecond=\count416
Package datetime Info: No datetime.cfg file found, using default settings on in
put line 308.
\@dtctr=\count417
\dayofyear=\count418
\dayofweek=\count419
LaTeX Info: Redefining \today on input line 736.
\dt@a=\toks23
\dt@b=\toks24
) (/Users/reka/Library/TinyTeX/texmf-dist/tex/latex/fancyhdr/fancyhdr.sty
Package: fancyhdr 2019/01/31 v3.10 Extensive control of page headers and footer
s
\f@nch@headwidth=\skip94
\f@nch@O@elh=\skip95
\f@nch@O@erh=\skip96
\f@nch@O@olh=\skip97
\f@nch@O@orh=\skip98
\f@nch@O@elf=\skip99
\f@nch@O@erf=\skip100
\f@nch@O@olf=\skip101
\f@nch@O@orf=\skip102
) (/Users/reka/Library/TinyTeX/texmf-dist/tex/latex/enumitem/enumitem.sty
Package: enumitem 2019/06/20 v3.9 Customized lists
\labelindent=\skip103
\enit@outerparindent=\dimen162
\enit@toks=\toks25
\enit@inbox=\box50
\enit@count@id=\count420
\enitdp@description=\count421
) (/Users/reka/Library/TinyTeX/texmf-dist/tex/latex/psnfss/pifont.sty
Package: pifont 2005/04/12 PSNFSS-v9.2a Pi font support (SPQR) 
LaTeX Font Info:    Try loading font information for U+pzd on input line 63.
(/Users/reka/Library/TinyTeX/texmf-dist/tex/latex/psnfss/upzd.fd
File: upzd.fd 2001/06/04 font definitions for U/pzd.
)
LaTeX Font Info:    Try loading font information for U+psy on input line 64.
(/Users/reka/Library/TinyTeX/texmf-dist/tex/latex/psnfss/upsy.fd
File: upsy.fd 2001/06/04 font definitions for U/psy.
)) (/Users/reka/Library/TinyTeX/texmf-dist/tex/latex/titlesec/titlesec.sty
Package: titlesec 2019/07/16 v2.11 Sectioning titles
\ttl@box=\box51
\beforetitleunit=\skip104
\aftertitleunit=\skip105
\ttl@plus=\dimen163
\ttl@minus=\dimen164
\ttl@toksa=\toks26
\titlewidth=\dimen165
\titlewidthlast=\dimen166
\titlewidthfirst=\dimen167
) (/Users/reka/Library/TinyTeX/texmf-dist/tex/latex/tools/tabularx.sty
Package: tabularx 2016/02/03 v2.11b `tabularx' package (DPC)
(/Users/reka/Library/TinyTeX/texmf-dist/tex/latex/tools/array.sty
Package: array 2018/12/30 v2.4k Tabular extension package (FMi)
\col@sep=\dimen168
\ar@mcellbox=\box52
\extrarowheight=\dimen169
\NC@list=\toks27
\extratabsurround=\skip106
\backup@length=\skip107
\ar@cellbox=\box53
)
\TX@col@width=\dimen170
\TX@old@table=\dimen171
\TX@old@col=\dimen172
\TX@target=\dimen173
\TX@delta=\dimen174
\TX@cols=\count422
\TX@ftn=\toks28
) (/Users/reka/Library/TinyTeX/texmf-dist/tex/latex/tools/calc.sty
Package: calc 2017/05/25 v4.3 Infix arithmetic (KKT,FJ)
\calc@Acount=\count423
\calc@Bcount=\count424
\calc@Adimen=\dimen175
\calc@Bdimen=\dimen176
\calc@Askip=\skip108
\calc@Bskip=\skip109
LaTeX Info: Redefining \setlength on input line 80.
LaTeX Info: Redefining \addtolength on input line 81.
\calc@Ccount=\count425
\calc@Cskip=\skip110
)
\headerboxwidth=\skip111
(/Users/reka/Library/TinyTeX/texmf-dist/tex/latex/fontawesome/fontawesome.sty
Package: fontawesome 2016/05/15 v4.6.3.1 font awesome icons

(/Users/reka/Library/TinyTeX/texmf-dist/tex/latex/fontawesome/fontawesomesymbol
s-generic.tex)
(/Users/reka/Library/TinyTeX/texmf-dist/tex/latex/fontawesome/fontawesomesymbol
s-pdftex.tex))
Package biblatex Info: Trying to load language 'english'...
Package biblatex Info: ... file 'english.lbx' found.
(/Users/reka/Library/TinyTeX/texmf-dist/tex/latex/biblatex/lbx/english.lbx
File: english.lbx 2019/08/31 v3.13a biblatex localization (PK/MW)
)
\@quotelevel=\count426
\@quotereset=\count427
(./nonac_cv.aux)
\openout1 = `nonac_cv.aux'.

LaTeX Font Info:    Checking defaults for OML/cmm/m/it on input line 247.
LaTeX Font Info:    ... okay on input line 247.
LaTeX Font Info:    Checking defaults for T1/cmr/m/n on input line 247.
LaTeX Font Info:    ... okay on input line 247.
LaTeX Font Info:    Checking defaults for OT1/cmr/m/n on input line 247.
LaTeX Font Info:    ... okay on input line 247.
LaTeX Font Info:    Checking defaults for OMS/cmsy/m/n on input line 247.
LaTeX Font Info:    ... okay on input line 247.
LaTeX Font Info:    Checking defaults for OMX/cmex/m/n on input line 247.
LaTeX Font Info:    ... okay on input line 247.
LaTeX Font Info:    Checking defaults for U/cmr/m/n on input line 247.
LaTeX Font Info:    ... okay on input line 247.
LaTeX Font Info:    Checking defaults for TS1/cmr/m/n on input line 247.
LaTeX Font Info:    Try loading font information for TS1+cmr on input line 247.

(/Users/reka/Library/TinyTeX/texmf-dist/tex/latex/base/ts1cmr.fd
File: ts1cmr.fd 2014/09/29 v2.5h Standard LaTeX font definitions
)
LaTeX Font Info:    ... okay on input line 247.
LaTeX Font Info:    Checking defaults for PD1/pdf/m/n on input line 247.
LaTeX Font Info:    ... okay on input line 247.
LaTeX Font Info:    Checking defaults for PU/pdf/m/n on input line 247.
LaTeX Font Info:    ... okay on input line 247.
LaTeX Font Info:    Try loading font information for T1+Carlito-TLF on input li
ne 247.
(/Users/reka/Library/TinyTeX/texmf-dist/tex/latex/carlito/T1Carlito-TLF.fd
File: T1Carlito-TLF.fd 2014/08/20 (autoinst) Font definitions for T1/Carlito-TL
F.
)
LaTeX Font Info:    Font shape `T1/Carlito-TLF/m/n' will be
(Font)              scaled to size 10.0pt on input line 247.
\c@mv@tabular=\count428
\c@mv@boldtabular=\count429
\AtBeginShipoutBox=\box54
Package hyperref Info: Link coloring OFF on input line 247.
(/Users/reka/Library/TinyTeX/texmf-dist/tex/latex/hyperref/nameref.sty
Package: nameref 2016/05/21 v2.44 Cross-referencing by name of section

(/Users/reka/Library/TinyTeX/texmf-dist/tex/generic/oberdiek/gettitlestring.sty
Package: gettitlestring 2016/05/16 v1.5 Cleanup title references (HO)
)
\c@section@level=\count430
)
LaTeX Info: Redefining \ref on input line 247.
LaTeX Info: Redefining \pageref on input line 247.
LaTeX Info: Redefining \nameref on input line 247.
(./nonac_cv.out) (./nonac_cv.out)
\@outlinefile=\write4
\openout4 = `nonac_cv.out'.

*geometry* driver: auto-detecting
*geometry* detected driver: pdftex
*geometry* verbose mode - [ preamble ] result:
* driver: pdftex
* paper: a4paper
* layout: <same size as paper>
* layoutoffset:(h,v)=(0.0pt,0.0pt)
* modes: 
* h-part:(L,W,R)=(49.79231pt, 497.92325pt, 49.79231pt)
* v-part:(T,H,B)=(62.59596pt, 725.54538pt, 56.9055pt)
* \paperwidth=597.50787pt
* \paperheight=845.04684pt
* \textwidth=497.92325pt
* \textheight=725.54538pt
* \oddsidemargin=-22.47768pt
* \evensidemargin=-22.47768pt
* \topmargin=-46.67403pt
* \headheight=15.0pt
* \headsep=25.0pt
* \topskip=10.0pt
* \footskip=30.0pt
* \marginparwidth=57.0pt
* \marginparsep=11.0pt
* \columnsep=10.0pt
* \skip\footins=9.0pt plus 4.0pt minus 2.0pt
* \hoffset=0.0pt
* \voffset=0.0pt
* \mag=1000
* \@twocolumnfalse
* \@twosidefalse
* \@mparswitchfalse
* \@reversemarginfalse
* (1in=72.27pt=25.4mm, 1cm=28.453pt)

Package biblatex Info: Input encoding 'utf8' detected.
Package biblatex Info: Data encoding 'utf8' specified.
(biblatex)             No need to reencode data.
\openout3 = `nonac_cv.bcf'.

Package biblatex Info: Trying to load bibliographic data...
Package biblatex Info: ... file 'nonac_cv.bbl' found.
(./nonac_cv.bbl)
Package biblatex Info: Reference section=0 on input line 247.
Package biblatex Info: Reference segment=0 on input line 247.
ABD: EverySelectfont initializing macros
LaTeX Info: Redefining \selectfont on input line 247.
(/Users/reka/Library/TinyTeX/texmf-dist/tex/latex/fmtcount/fc-english.def
File: fc-english.def 2016/01/12
)
LaTeX Font Info:    External font `cmex10' loaded for size
(Font)              <7> on input line 248.
LaTeX Font Info:    External font `cmex10' loaded for size
(Font)              <5> on input line 248.
LaTeX Font Info:    Font shape `T1/Carlito-TLF/m/n' will be
(Font)              scaled to size 17.28pt on input line 248.
LaTeX Font Info:    Font shape `T1/Carlito-TLF/bx/n' in size <17.28> not availa
ble
(Font)              Font shape `T1/Carlito-TLF/b/n' tried instead on input line
 248.
LaTeX Font Info:    Font shape `T1/Carlito-TLF/b/n' will be
(Font)              scaled to size 17.28pt on input line 248.
LaTeX Font Info:    Font shape `T1/Carlito-TLF/m/n' will be
(Font)              scaled to size 12.0pt on input line 248.
LaTeX Font Info:    Font shape `T1/Carlito-TLF/bx/n' in size <10> not available

(Font)              Font shape `T1/Carlito-TLF/b/n' tried instead on input line
 248.
LaTeX Font Info:    Font shape `T1/Carlito-TLF/b/n' will be
(Font)              scaled to size 10.0pt on input line 248.
LaTeX Font Info:    Font shape `T1/Carlito-TLF/m/n' will be
(Font)              scaled to size 9.0pt on input line 248.
LaTeX Font Info:    External font `cmex10' loaded for size
(Font)              <9> on input line 248.
LaTeX Font Info:    External font `cmex10' loaded for size
(Font)              <6> on input line 248.
LaTeX Font Info:    Try loading font information for U+fontawesometwo on input 
line 248.

(/Users/reka/Library/TinyTeX/texmf-dist/tex/latex/fontawesome/ufontawesometwo.f
d
File: ufontawesometwo.fd 2016/05/22 Font definitions for U/fontawesometwo.
)
LaTeX Font Info:    Try loading font information for U+fontawesomethree on inpu
t line 248.

(/Users/reka/Library/TinyTeX/texmf-dist/tex/latex/fontawesome/ufontawesomethree
.fd
File: ufontawesomethree.fd 2016/05/22 Font definitions for U/fontawesomethree.
)
Overfull \hbox (6.79999pt too wide) in paragraph at lines 248--249
[][][][] 
 []

LaTeX Font Info:    Font shape `T1/Carlito-TLF/bx/n' in size <12> not available

(Font)              Font shape `T1/Carlito-TLF/b/n' tried instead on input line
 252.
LaTeX Font Info:    Font shape `T1/Carlito-TLF/b/n' will be
(Font)              scaled to size 12.0pt on input line 252.
LaTeX Font Info:    Font shape `T1/Carlito-TLF/m/n' will be
(Font)              scaled to size 8.0pt on input line 254.

Underfull \hbox (badness 10000) in paragraph at lines 259--259
[]\T1/Carlito-TLF/m/n/10 - Se-cured grant fund-ing, man-aged re-search teams, p
ub-lished in aca-demic jour-nals, at-tracted high-
 []


Underfull \hbox (badness 10000) in paragraph at lines 259--259
\T1/Carlito-TLF/m/n/10 quality re-search stu-dents, and en-gaged with in-dus-tr
y and pub-lic sec-tor to max-imise im-pact. - Taught
 []


Underfull \hbox (badness 10000) in paragraph at lines 259--259
\T1/Carlito-TLF/m/n/10 quan-ti-ta-tive data anal-y-sis, GIS and crime map-ping,
 eval-u-a-tion re-search in pol-icy and prac-tice to un-
 []


Underfull \hbox (badness 10000) in paragraph at lines 259--259
\T1/Carlito-TLF/m/n/10 der-grad-u-ate and post-grad-u-ate stu-dents, ex-ter-nal
 teach-ing to pro-fes-sional au-di-ences. - Pro-gramme
 []


Underfull \hbox (badness 10000) in paragraph at lines 259--259
\T1/Carlito-TLF/m/n/10 di-rec-tor for Mas-ters' study in the De-part-ment of Cr
im-i-nol-ogy, Aca-demic Ad-vis-ing, and other pub-lic
 []


Underfull \hbox (badness 10000) in paragraph at lines 259--259
[]\T1/Carlito-TLF/m/n/10 - Gath-ered, pro-cessed, and anal-ysed data on trends 
and emerg-ing is-sues by prepar-ing an-a-lyt-i-cal
 []


Underfull \hbox (badness 10000) in paragraph at lines 259--259
\T1/Carlito-TLF/m/n/10 prod-ucts, which in-formed TfL's de-ploy-ment de-ci-sion
s. - Col-lated data from di-verse sources to make
 []


Underfull \hbox (badness 10000) in paragraph at lines 259--259
\T1/Carlito-TLF/m/n/10 them use-ful by clean-ing and writ-ing code for re-pro-d
ucible data pipelines from query to out-put
 []


Underfull \hbox (badness 10000) in paragraph at lines 259--259
\T1/Carlito-TLF/m/n/10 re-port or in-ter-ac-tive ap-pli-ca-tions. - Used in-fer
-en-tial statis-tics and spa-tiotem-po-ral anal-y-sis to draw
 []


Underfull \hbox (badness 10000) in paragraph at lines 259--259
[]\T1/Carlito-TLF/m/n/10 - Pro-duced a re-port on quan-ti-ta-tive and qual-i-ta
-tive anal-y-sis of data from a pub-lic con-sul-ta-tion on
 []


Underfull \hbox (badness 10000) in paragraph at lines 259--259
\T1/Carlito-TLF/m/n/10 Cam-den's ma-jor ur-ban re-de-vel-op-ment project around
 Tot-ten-ham Court Road - Anal-ysed how at-
 []


Underfull \hbox (badness 10000) in paragraph at lines 259--259
\T1/Carlito-TLF/m/n/10 ti-tudes var-ied across dif-fer-ent char-ac-ter-is-tics 
(eg res-i-dents, small busi-ness own-ers, cy-clist groups,
 []


Underfull \hbox (badness 10000) in paragraph at lines 259--259
\T1/Carlito-TLF/m/n/10 etc) - Ex-tracted themes from qual-i-ta-tive data about 
what peo-ple sup-ported and op-posed, to al-low
 []


Underfull \hbox (badness 10000) in paragraph at lines 264--264
[]\T1/Carlito-TLF/m/n/8 Fellowship awarded to pro-fes-sion-als who meet the cri
-te-ria of De-scrip-tor 2 of the UK Pro-fes-sional Stan-dards Frame-work for
 []


Underfull \hbox (badness 10000) in paragraph at lines 264--264
[]\T1/Carlito-TLF/b/n/10 Board mem-ber: Eco-nomic and So-cial Re-search Coun-ci
l Busi-ness and Lo-cal Gov-ern-ment Data Re-search
 []

[1

{/Users/reka/Library/TinyTeX/texmf-var/fonts/map/pdftex/updmap/pdftex.map}]
LaTeX Font Info:    Font shape `T1/Carlito-TLF/m/it' will be
(Font)              scaled to size 10.0pt on input line 288.

Underfull \hbox (badness 1681) in paragraph at lines 335--335
[][] [][][]\T1/Carlito-TLF/m/n/10 Solymosi, R (2018). North-west Uni-ver-si-tie
s R Day event. \T1/Carlito-TLF/m/it/10 Soft-ware Sus-tain-abil-ity In-sti-tute 
Blog. Avail-able: 
 []

[2]
Underfull \hbox (badness 6961) in paragraph at lines 335--335
[][] [][][]\T1/Carlito-TLF/m/n/10 Solymosi, R (2018). Brexit Data Chal-lenge ev
ent. \T1/Carlito-TLF/m/it/10 Soft-ware Sus-tain-abil-ity In-sti-tute Blog. Avai
l-able: 
 []


Underfull \hbox (badness 3240) in paragraph at lines 335--335
[][] [][][]\T1/Carlito-TLF/m/n/10 Solymosi, R (2016). Con-fi-dence in trans-por
t and polic-ing. \T1/Carlito-TLF/m/it/10 Avail-able: https://www.ucl.ac.uk/tran
sport- 
 []


Underfull \hbox (badness 10000) in paragraph at lines 335--335
[][] [][][]\T1/Carlito-TLF/m/n/10 Solymosi, R (2014). Trans-port Streets and Cr
ime. \T1/Carlito-TLF/m/it/10 Avail-able: https://www.ucl.ac.uk/transport- 
 []


Underfull \hbox (badness 10000) in paragraph at lines 356--356
[]\T1/Carlito-TLF/b/n/10 Identifying fea-tures that af-fect pub-lic en-gage-men
t with ap-peals for in-for-ma-tion about miss-ing per-
 []


Underfull \hbox (badness 10000) in paragraph at lines 361--361
[]\T1/Carlito-TLF/b/n/10 The role of in-no-va-tive data col-lec-tion meth-ods i
n ad-vanc-ing un-der-stand-ing, and the im-por-tance of
 []

[3]
Underfull \hbox (badness 10000) in paragraph at lines 366--366
[]\T1/Carlito-TLF/m/n/8 I col-lab-o-rate ac-tively with Open Data Manch-ester, 
a Com-mu-nity In-ter-est Com-pany in-ter-ested in open data and pro-mot-ing dat
a
 []


Underfull \hbox (badness 10000) in paragraph at lines 366--366
[]\T1/Carlito-TLF/m/n/8 One-hour ca-reer ori-ented ses-sion about data anal-y-s
is for stu-dents en-rolled in a com-mu-nity school, in-tro-duc-ing them to crim
e
 []


Underfull \hbox (badness 10000) in paragraph at lines 366--366
[]\T1/Carlito-TLF/m/n/8 Co-supervision of PhD stu-dent with Greater Manch-ester
 Po-lice's Force In-tel-li-gence Bu-reau and col-leagues in Uni-ver-sity Col-le
ge
 []


Underfull \hbox (badness 10000) in paragraph at lines 366--366
[]\T1/Carlito-TLF/m/n/8 Training work-shop on data vi-su-al-i-sa-tion and GIS a
s part of the N8 Polic-ing Re-search Part-ner-ship train-ing course for po-lice
 an-a-lysts
 []


Underfull \hbox (badness 10000) in paragraph at lines 366--366
[]\T1/Carlito-TLF/m/n/8 I con-sis-tently give talks and par-tic-i-pate in data-
related mee-tups in-clud-ing ones which em-pha-sise rep-re-sen-ta-tion of women
 in data
 []


Underfull \hbox (badness 10000) in paragraph at lines 366--366
[]\T1/Carlito-TLF/m/n/8 The NGO `MySo-ci-ety' in-vited me to present the work I
 did us-ing their fix my street plat-form at the in-ter-na-tional civic tech-no
l-ogy
 []


Underfull \hbox (badness 10000) in paragraph at lines 366--366
\T1/Carlito-TLF/m/n/8 con-fer-ence for re-searchers, prac-ti-tion-ers, and all 
those with an in-ter-est in how tech-nol-ogy is chang-ing the way we en-gage wi
th
 []


Underfull \hbox (badness 10000) in paragraph at lines 366--366
\T1/Carlito-TLF/m/n/8 so-ci-ety. TICTeC is known for its unique fo-cus on the i
m-pacts of Civic Tech-nolo-gies where fun-ders mix with prac-ti-tion-ers, ac-ti
vists
 []


Underfull \hbox (badness 10000) in paragraph at lines 366--366
\T1/Carlito-TLF/m/n/8 con-verse with re-searchers, small NGOs get as much at-te
n-tion as the big play-ers. Since then, I have been work-ing with their
 []


Underfull \hbox (badness 10000) in paragraph at lines 371--371
[]\T1/Carlito-TLF/b/n/10 Department of Crim-i-nol-ogy: Pro-gramme Di-rec-tor fo
r Post-grad-u-ate Taught Pro-grammes (Mas-ters
 []


Underfull \hbox (badness 10000) in paragraph at lines 371--371
[]\T1/Carlito-TLF/m/n/8 Strategic over-sight of pro-gramme di-rec-tion teach-in
g cur-ricu-lum for all Mas-ters' streams, along-side day-to-day ad-min-is-tra-t
ive and
 []


Underfull \hbox (badness 10000) in paragraph at lines 371--371
[]\T1/Carlito-TLF/m/n/8 Direction and or-gan-i-sa-tion of user group ac-tiv-i-t
ies such as monthly meet-ings, hackathons, and prepa-ra-tion of joint re-search

 []


Underfull \hbox (badness 10000) in paragraph at lines 371--371
[]\T1/Carlito-TLF/m/n/8 Undergraduate Open Day, Post-grad-u-ate Re-search (PhD)
 Open Day, and sim-i-lar roles as-sist-ing col-leagues and pro-mot-ing the
 []

[4]
Package atveryend Info: Empty hook `BeforeClearDocument' on input line 418.
[5]
Package atveryend Info: Empty hook `AfterLastShipout' on input line 418.
(./nonac_cv.aux)
Package atveryend Info: Executing hook `AtVeryEndDocument' on input line 418.
Package atveryend Info: Executing hook `AtEndAfterFileList' on input line 418.
Package rerunfilecheck Info: File `nonac_cv.out' has not changed.
(rerunfilecheck)             Checksum: 56746961F4A5B9A5C91FEB504DFD7480;2578.
Package logreq Info: Writing requests to 'nonac_cv.run.xml'.
\openout1 = `nonac_cv.run.xml'.

Package atveryend Info: Empty hook `AtVeryVeryEnd' on input line 418.
 ) 
Here is how much of TeX's memory you used:
 30466 strings out of 494553
 533791 string characters out of 6176715
 970170 words of memory out of 5000000
 33828 multiletter control sequences out of 15000+600000
 602769 words of font info for 52 fonts, out of 8000000 for 9000
 14 hyphenation exceptions out of 8191
 42i,19n,63p,3577b,1363s stack positions out of 5000i,500n,10000p,200000b,80000s
{/Users/reka/Library/TinyTeX/texmf-dist/fonts/enc/dvips/carlito/crlt_z7vml3.e
nc}{/Users/reka/Library/TinyTeX/texmf-dist/fonts/enc/dvips/fontawesome/fontawes
omethree.enc}{/Users/reka/Library/TinyTeX/texmf-dist/fonts/enc/dvips/fontawesom
e/fontawesometwo.enc}</Users/reka/Library/TinyTeX/texmf-dist/fonts/type1/typola
nd/carlito/Carlito-Bold.pfb></Users/reka/Library/TinyTeX/texmf-dist/fonts/type1
/typoland/carlito/Carlito-Italic.pfb></Users/reka/Library/TinyTeX/texmf-dist/fo
nts/type1/typoland/carlito/Carlito.pfb></Users/reka/Library/TinyTeX/texmf-dist/
fonts/type1/public/fontawesome/FontAwesome.pfb></Users/reka/Library/TinyTeX/tex
mf-dist/fonts/type1/urw/zapfding/uzdr.pfb>
Output written on nonac_cv.pdf (5 pages, 110803 bytes).
PDF statistics:
 175 PDF objects out of 1000 (max. 8388607)
 161 compressed objects within 2 object streams
 65 named destinations out of 1000 (max. 500000)
 113 words of extra memory for PDF output out of 10000 (max. 10000000)

